0 info it worked if it ends with ok
1 verbose cli [ '/home/panni/.nvm/versions/node/v5.1.0/bin/node',
1 verbose cli   '/home/panni/.nvm/versions/node/v5.1.0/bin/npm',
1 verbose cli   'run',
1 verbose cli   'lint' ]
2 info using npm@3.3.12
3 info using node@v5.1.0
4 verbose run-script [ 'prelint', 'lint', 'postlint' ]
5 info lifecycle MediaListApplication@1.0.0~prelint: MediaListApplication@1.0.0
6 silly lifecycle MediaListApplication@1.0.0~prelint: no script for prelint, continuing
7 info lifecycle MediaListApplication@1.0.0~lint: MediaListApplication@1.0.0
8 verbose lifecycle MediaListApplication@1.0.0~lint: unsafe-perm in lifecycle true
9 verbose lifecycle MediaListApplication@1.0.0~lint: PATH: /home/panni/.nvm/versions/node/v5.1.0/lib/node_modules/npm/bin/node-gyp-bin:/home/panni/Code/ustream/házi/test/es6-media-list-app/node_modules/.bin:/home/panni/.nvm/versions/node/v5.1.0/bin:/usr/local/heroku/bin:/usr/local/sbin:/usr/local/bin:/usr/sbin:/usr/bin:/sbin:/bin:/usr/games:/usr/local/games:/usr/share/rvm/bin:/home/panni/progik/node-v5.0.0-linux-x64/bin
10 verbose lifecycle MediaListApplication@1.0.0~lint: CWD: /home/panni/Code/ustream/házi/test/es6-media-list-app
11 silly lifecycle MediaListApplication@1.0.0~lint: Args: [ '-c', 'eslint src' ]
12 silly lifecycle MediaListApplication@1.0.0~lint: Returned: code: 1  signal: null
13 info lifecycle MediaListApplication@1.0.0~lint: Failed to exec lint script
14 verbose stack Error: MediaListApplication@1.0.0 lint: `eslint src`
14 verbose stack Exit status 1
14 verbose stack     at EventEmitter.<anonymous> (/home/panni/.nvm/versions/node/v5.1.0/lib/node_modules/npm/lib/utils/lifecycle.js:232:16)
14 verbose stack     at emitTwo (events.js:87:13)
14 verbose stack     at EventEmitter.emit (events.js:172:7)
14 verbose stack     at ChildProcess.<anonymous> (/home/panni/.nvm/versions/node/v5.1.0/lib/node_modules/npm/lib/utils/spawn.js:24:14)
14 verbose stack     at emitTwo (events.js:87:13)
14 verbose stack     at ChildProcess.emit (events.js:172:7)
14 verbose stack     at maybeClose (internal/child_process.js:818:16)
14 verbose stack     at Process.ChildProcess._handle.onexit (internal/child_process.js:211:5)
15 verbose pkgid MediaListApplication@1.0.0
16 verbose cwd /home/panni/Code/ustream/házi/test/es6-media-list-app
17 error Linux 3.16.0-38-generic
18 error argv "/home/panni/.nvm/versions/node/v5.1.0/bin/node" "/home/panni/.nvm/versions/node/v5.1.0/bin/npm" "run" "lint"
19 error node v5.1.0
20 error npm  v3.3.12
21 error code ELIFECYCLE
22 error MediaListApplication@1.0.0 lint: `eslint src`
22 error Exit status 1
23 error Failed at the MediaListApplication@1.0.0 lint script 'eslint src'.
23 error Make sure you have the latest version of node.js and npm installed.
23 error If you do, this is most likely a problem with the MediaListApplication package,
23 error not with npm itself.
23 error Tell the author that this fails on your system:
23 error     eslint src
23 error You can get their info via:
23 error     npm owner ls MediaListApplication
23 error There is likely additional logging output above.
24 verbose exit [ 1, true ]
